
> @orgflow/web@1.0.0 dev
> next dev -p 3000

  ▲ Next.js 14.2.35
  - Local:        http://localhost:3000
  - Environments: .env.local, .env

 ✓ Starting...
 ⚠ Found lockfile missing swc dependencies, patching...
npm error code ENOWORKSPACES
npm error This command does not support workspaces.
npm error A complete log of this run can be found in: /Users/sanjeevjha/.npm/_logs/2026-04-12T11_09_23_131Z-debug-0.log
 ⨯ Failed to patch lockfile, please try uninstalling and reinstalling next in this workspace
TypeError: Cannot read properties of undefined (reading 'os')
    at fetchPkgInfo (/Users/sanjeevjha/janagana/node_modules/next/dist/lib/patch-incorrect-lockfile.js:73:25)
    at process.processTicksAndRejections (node:internal/process/task_queues:95:5)
    at async Promise.all (index 6)
    at async patchIncorrectLockfile (/Users/sanjeevjha/janagana/node_modules/next/dist/lib/patch-incorrect-lockfile.js:162:26)
 ✓ Ready in 5.6s
 ○ Compiling /middleware ...
 ✓ Compiled /middleware in 1284ms (182 modules)
 ○ Compiling / ...
 ✓ Compiled / in 7.4s (828 modules)
 GET / 200 in 8120ms
 ○ Compiling /_not-found ...
 ✓ Compiled /_not-found in 8.2s (808 modules)
 GET /.well-known/appspecific/com.chrome.devtools.json 404 in 7801ms
 GET /?_rsc=1p60s 200 in 43ms
 ✓ Compiled in 358ms (343 modules)
 GET /?_rsc=1p60s 200 in 32ms
[?25h
